Using pre-set license
Built from '2020.2/release' branch; Version is '2020.2.2f1 (068178b99f32) revision 426360'; Using compiler version '192528614'; Build Type 'Release'
OS: 'Windows 10 Home; OS build 19042.1466; Version 2009; 64bit' Language: 'en' Physical Memory: 16174 MB
BatchMode: 1, IsHumanControllingUs: 0, StartBugReporterOnCrash: 0, Is64bit: 1, IsPro: 0

 COMMAND LINE ARGUMENTS:
C:\Program Files\Unity\Hub\Editor\2020.2.2f1\Editor\Unity.exe
-adb2
-batchMode
-noUpm
-name
AssetImportWorker0
-projectPath
C:/Users/craig/Downloads/Game Developer Resources/3.Repository Tower of Power/Fusebox_Repository/FUSEbox
-logFile
Logs/AssetImportWorker0.log
-srvPort
54019
Successfully changed project path to: C:/Users/craig/Downloads/Game Developer Resources/3.Repository Tower of Power/Fusebox_Repository/FUSEbox
C:/Users/craig/Downloads/Game Developer Resources/3.Repository Tower of Power/Fusebox_Repository/FUSEbox
Using Asset Import Pipeline V2.
Refreshing native plugins compatible for Editor in 143.46 ms, found 1 plugins.
Preloading 0 native plugins for Editor in 0.00 ms.
Initialize engine version: 2020.2.2f1 (068178b99f32)
[Subsystems] Discovering subsystems at path C:/Program Files/Unity/Hub/Editor/2020.2.2f1/Editor/Data/Resources/UnitySubsystems
[Subsystems] Discovering subsystems at path C:/Users/craig/Downloads/Game Developer Resources/3.Repository Tower of Power/Fusebox_Repository/FUSEbox/Assets
GfxDevice: creating device client; threaded=0
Direct3D:
    Version:  Direct3D 11.0 [level 11.1]
    Renderer: NVIDIA GeForce RTX 2070 with Max-Q Design (ID=0x1f10)
    Vendor:   
    VRAM:     8031 MB
    Driver:   30.0.14.7135
Initialize mono
Mono path[0] = 'C:/Program Files/Unity/Hub/Editor/2020.2.2f1/Editor/Data/Managed'
Mono path[1] = 'C:/Program Files/Unity/Hub/Editor/2020.2.2f1/Editor/Data/MonoBleedingEdge/lib/mono/unityjit'
Mono config path = 'C:/Program Files/Unity/Hub/Editor/2020.2.2f1/Editor/Data/MonoBleedingEdge/etc'
Using monoOptions --debugger-agent=transport=dt_socket,embedding=1,server=y,suspend=n,address=127.0.0.1:56788
Begin MonoManager ReloadAssembly
Registering precompiled unity dll's ...
Register platform support module: C:/Program Files/Unity/Hub/Editor/2020.2.2f1/Editor/Data/PlaybackEngines/WebGLSupport/UnityEditor.WebGL.Extensions.dll
Register platform support module: C:/Program Files/Unity/Hub/Editor/2020.2.2f1/Editor/Data/PlaybackEngines/WindowsStandaloneSupport/UnityEditor.WindowsStandalone.Extensions.dll
Registered in 0.011055 seconds.
Native extension for WindowsStandalone target not found
Native extension for WebGL target not found
Refreshing native plugins compatible for Editor in 126.80 ms, found 1 plugins.
Preloading 0 native plugins for Editor in 0.00 ms.
Invoked RoslynAnalysisRunner static constructor.
RoslynAnalysisRunner will not be running.
RoslynAnalysisRunner has terminated.
Mono: successfully reloaded assembly
- Completed reload, in  5.888 seconds
Platform modules already initialized, skipping
Registering precompiled user dll's ...
Registered in 0.006823 seconds.
Begin MonoManager ReloadAssembly
Native extension for WindowsStandalone target not found
Native extension for WebGL target not found
Refreshing native plugins compatible for Editor in 95.76 ms, found 1 plugins.
Preloading 0 native plugins for Editor in 0.00 ms.
Invoked RoslynAnalysisRunner static constructor.
RoslynAnalysisRunner will not be running.
RoslynAnalysisRunner has terminated.
Mono: successfully reloaded assembly
- Completed reload, in  2.308 seconds
Platform modules already initialized, skipping
========================================================================
Worker process is ready to serve import requests
Launched and connected shader compiler UnityShaderCompiler.exe after 0.09 seconds
Refreshing native plugins compatible for Editor in 1.06 ms, found 1 plugins.
Preloading 0 native plugins for Editor in 0.00 ms.
Unloading 1950 Unused Serialized files (Serialized files now loaded: 0)
System memory in use before: 91.1 MB.
System memory in use after: 91.2 MB.

Unloading 33 unused Assets to reduce memory usage. Loaded Objects now: 2384.
Total: 5.269700 ms (FindLiveObjects: 0.382800 ms CreateObjectMapping: 0.175900 ms MarkObjects: 4.539100 ms  DeleteObjects: 0.170200 ms)

========================================================================
Received Import Request.
  path: Assets/Sprites/Circuit Art
  artifactKey: Guid(292ab7686d66b7448be9604849eb542b) Importer(815301076,1909f56bfc062723c751e8b465ee728b)
Start importing Assets/Sprites/Circuit Art using Guid(292ab7686d66b7448be9604849eb542b) Importer(815301076,1909f56bfc062723c751e8b465ee728b)  -> (artifact id: '1295e8ac53d57549063ea83f37fa97cb') in 0.007127 seconds
  Import took 0.011980 seconds .

========================================================================
Received Import Request.
  Time since last request: 47.753926 seconds.
  path: Assets/Sprites/Circuit Art/Circle1.png
  artifactKey: Guid(1a64902d726d97a4e83fb1fc80982e09) Importer(815301076,1909f56bfc062723c751e8b465ee728b)
Start importing Assets/Sprites/Circuit Art/Circle1.png using Guid(1a64902d726d97a4e83fb1fc80982e09) Importer(815301076,1909f56bfc062723c751e8b465ee728b)  -> (artifact id: 'e4275a3f6bd5a02a65a0033444e4d0e6') in 0.300548 seconds
  Import took 0.310655 seconds .

========================================================================
Received Import Request.
  Time since last request: 0.000532 seconds.
  path: Assets/Sprites/Circuit Art/wire 1.png
  artifactKey: Guid(e32d361f4bdee9140b1b967d72508a9b) Importer(815301076,1909f56bfc062723c751e8b465ee728b)
Start importing Assets/Sprites/Circuit Art/wire 1.png using Guid(e32d361f4bdee9140b1b967d72508a9b) Importer(815301076,1909f56bfc062723c751e8b465ee728b)  -> (artifact id: '3c405629c4e3c39c6eeb1b851ef62298') in 0.017824 seconds
  Import took 0.026146 seconds .

========================================================================
Received Import Request.
  Time since last request: 0.001378 seconds.
  path: Assets/Sprites/Circuit Art/lightbulb.png
  artifactKey: Guid(71c197bd3298d714b9b6b9f14e367b4d) Importer(815301076,1909f56bfc062723c751e8b465ee728b)
Start importing Assets/Sprites/Circuit Art/lightbulb.png using Guid(71c197bd3298d714b9b6b9f14e367b4d) Importer(815301076,1909f56bfc062723c751e8b465ee728b)  -> (artifact id: '30e541d39a73bb015f76cd9d92cf8d2a') in 0.032968 seconds
  Import took 0.043939 seconds .

========================================================================
Received Import Request.
  Time since last request: 0.002087 seconds.
  path: Assets/Sprites/Circuit Art/wire2-top.png
  artifactKey: Guid(5b6aa58e7489cdf4f994d422d249c39f) Importer(815301076,1909f56bfc062723c751e8b465ee728b)
Start importing Assets/Sprites/Circuit Art/wire2-top.png using Guid(5b6aa58e7489cdf4f994d422d249c39f) Importer(815301076,1909f56bfc062723c751e8b465ee728b)  -> (artifact id: '1f0c015b64da4cdd50c1af594f6e1d22') in 0.029286 seconds
  Import took 0.037040 seconds .

========================================================================
Received Import Request.
  Time since last request: 0.000312 seconds.
  path: Assets/Sprites/Circuit Art/outlet.png
  artifactKey: Guid(948337488823a4f4e83a4087edcee3af) Importer(815301076,1909f56bfc062723c751e8b465ee728b)
Start importing Assets/Sprites/Circuit Art/outlet.png using Guid(948337488823a4f4e83a4087edcee3af) Importer(815301076,1909f56bfc062723c751e8b465ee728b)  -> (artifact id: 'e0224610b101a46a1bd5e652c27c3884') in 0.018479 seconds
  Import took 0.022748 seconds .

========================================================================
Received Import Request.
  Time since last request: 0.000314 seconds.
  path: Assets/Sprites/Circuit Art/Circle3.png
  artifactKey: Guid(415fe4484b330904094d7593690faad4) Importer(815301076,1909f56bfc062723c751e8b465ee728b)
Start importing Assets/Sprites/Circuit Art/Circle3.png using Guid(415fe4484b330904094d7593690faad4) Importer(815301076,1909f56bfc062723c751e8b465ee728b)  -> (artifact id: 'e4ad3bed80d1ad37f5b42795ac2a178b') in 0.016096 seconds
  Import took 0.020078 seconds .

========================================================================
Received Import Request.
  Time since last request: 0.000419 seconds.
  path: Assets/Sprites/Circuit Art/wire 3 bottom.png
  artifactKey: Guid(6dc04deb9ddb3804e887a412c4956873) Importer(815301076,1909f56bfc062723c751e8b465ee728b)
Start importing Assets/Sprites/Circuit Art/wire 3 bottom.png using Guid(6dc04deb9ddb3804e887a412c4956873) Importer(815301076,1909f56bfc062723c751e8b465ee728b)  -> (artifact id: '256d99da61b5a04becccc38c874b7499') in 0.016005 seconds
  Import took 0.020452 seconds .

========================================================================
Received Import Request.
  Time since last request: 0.000351 seconds.
  path: Assets/Sprites/Circuit Art/Circle2.png
  artifactKey: Guid(fe486457cd9b4164ebcf81c79408d801) Importer(815301076,1909f56bfc062723c751e8b465ee728b)
Start importing Assets/Sprites/Circuit Art/Circle2.png using Guid(fe486457cd9b4164ebcf81c79408d801) Importer(815301076,1909f56bfc062723c751e8b465ee728b)  -> (artifact id: 'a27e47676efe4f9a976f2d3d1a9a5c4d') in 0.015473 seconds
  Import took 0.023350 seconds .

========================================================================
Received Import Request.
  Time since last request: 0.000418 seconds.
  path: Assets/Sprites/Circuit Art/wire 2-bottom.png
  artifactKey: Guid(529c8f3c55d33524493d0b6e1b90af1a) Importer(815301076,1909f56bfc062723c751e8b465ee728b)
Start importing Assets/Sprites/Circuit Art/wire 2-bottom.png using Guid(529c8f3c55d33524493d0b6e1b90af1a) Importer(815301076,1909f56bfc062723c751e8b465ee728b)  -> (artifact id: '96f668f413c2641ceb060a74ad838942') in 0.014329 seconds
  Import took 0.019713 seconds .

AssetImportWorkerClient::OnTransportError - code=2 error=End of file
